<?xml version="1.0" encoding="UTF-8"?>
<testng-results ignored="0" total="1" passed="1" failed="0" skipped="0">
  <reporter-output>
  </reporter-output>
  <suite started-at="2020-04-30T23:05:41Z" name="Suite" finished-at="2020-04-30T23:05:51Z" duration-ms="9921">
    <groups>
    </groups>
    <test started-at="2020-04-30T23:05:41Z" name="Test" finished-at="2020-04-30T23:05:51Z" duration-ms="9921">
      <class name="tests.TestSourch">
        <test-method signature="testSourch()[pri:0, instance:tests.TestSourch@4ef37659]" started-at="2020-04-30T23:05:41Z" name="testSourch" finished-at="2020-04-30T23:05:51Z" duration-ms="9902" status="PASS">
          <reporter-output>
          </reporter-output>
        </test-method> <!-- testSourch -->
      </class> <!-- tests.TestSourch -->
    </test> <!-- Test -->
  </suite> <!-- Suite -->
</testng-results>
