<?xml version="1.0" encoding="UTF-8"?>
<testng-results ignored="0" total="1" passed="1" failed="0" skipped="0">
  <reporter-output>
  </reporter-output>
  <suite started-at="2020-04-30T21:36:30Z" name="Default suite" finished-at="2020-04-30T21:36:41Z" duration-ms="10574">
    <groups>
    </groups>
    <test started-at="2020-04-30T21:36:30Z" name="Default test" finished-at="2020-04-30T21:36:41Z" duration-ms="10574">
      <class name="tests.TestSourch">
        <test-method signature="testSourch()[pri:0, instance:tests.TestSourch@194bcebf]" started-at="2020-04-30T21:36:30Z" name="testSourch" finished-at="2020-04-30T21:36:41Z" duration-ms="10553" status="PASS">
          <reporter-output>
          </reporter-output>
        </test-method> <!-- testSourch -->
      </class> <!-- tests.TestSourch -->
    </test> <!-- Default test -->
  </suite> <!-- Default suite -->
</testng-results>
